RemonTest_Eclipse/RemonTest/proguard/seeds.txt
kr.co.dnasoft.remontest.AgreeSampleActivity
kr.co.dnasoft.remontest.AgreeSampleActivity: AgreeSampleActivity()
kr.co.dnasoft.remontest.JavaTypeInlineBanner
kr.co.dnasoft.remontest.JavaTypeInlineBanner: JavaTypeInlineBanner()
kr.co.dnasoft.remontest.JavaTypeRectangleBanner
kr.co.dnasoft.remontest.JavaTypeRectangleBanner: JavaTypeRectangleBanner()
kr.co.dnasoft.remontest.R$attr: int adSize
kr.co.dnasoft.remontest.R$attr: int adSizes
kr.co.dnasoft.remontest.R$attr: int adUnitId
kr.co.dnasoft.remontest.R$attr: int appTheme
kr.co.dnasoft.remontest.R$attr: int buyButtonAppearance
kr.co.dnasoft.remontest.R$attr: int buyButtonHeight
kr.co.dnasoft.remontest.R$attr: int buyButtonText
kr.co.dnasoft.remontest.R$attr: int buyButtonWidth
kr.co.dnasoft.remontest.R$attr: int cameraBearing
kr.co.dnasoft.remontest.R$attr: int cameraTargetLat
kr.co.dnasoft.remontest.R$attr: int cameraTargetLng
kr.co.dnasoft.remontest.R$attr: int cameraTilt
kr.co.dnasoft.remontest.R$attr: int cameraZoom
kr.co.dnasoft.remontest.R$attr: int environment
kr.co.dnasoft.remontest.R$attr: int fragmentMode
kr.co.dnasoft.remontest.R$attr: int fragmentStyle
kr.co.dnasoft.remontest.R$attr: int mapType
kr.co.dnasoft.remontest.R$attr: int maskedWalletDetailsBackground
kr.co.dnasoft.remontest.R$attr: int maskedWalletDetailsButtonBackground
kr.co.dnasoft.remontest.R$attr: int maskedWalletDetailsButtonTextAppearance
kr.co.dnasoft.remontest.R$attr: int maskedWalletDetailsHeaderTextAppearance
kr.co.dnasoft.remontest.R$attr: int maskedWalletDetailsLogoImageType
kr.co.dnasoft.remontest.R$attr: int maskedWalletDetailsLogoTextColor
kr.co.dnasoft.remontest.R$attr: int maskedWalletDetailsTextAppearance
kr.co.dnasoft.remontest.R$attr: int uiCompass
kr.co.dnasoft.remontest.R$attr: int uiRotateGestures
kr.co.dnasoft.remontest.R$attr: int uiScrollGestures
kr.co.dnasoft.remontest.R$color: int common_action_bar_splitter
kr.co.dnasoft.remontest.R$color: int common_signin_btn_dark_text_default
kr.co.dnasoft.remontest.R$color: int common_signin_btn_dark_text_disabled
kr.co.dnasoft.remontest.R$color: int common_signin_btn_dark_text_focused
kr.co.dnasoft.remontest.R$color: int common_signin_btn_dark_text_pressed
kr.co.dnasoft.remontest.R$color: int common_signin_btn_default_background
kr.co.dnasoft.remontest.R$color: int common_signin_btn_light_text_default
kr.co.dnasoft.remontest.R$color: int common_signin_btn_light_text_disabled
kr.co.dnasoft.remontest.R$color: int common_signin_btn_light_text_focused
kr.co.dnasoft.remontest.R$color: int common_signin_btn_light_text_pressed
kr.co.dnasoft.remontest.R$color: int common_signin_btn_text_dark
kr.co.dnasoft.remontest.R$color: int common_signin_btn_text_light
kr.co.dnasoft.remontest.R$color: int wallet_bright_foreground_disabled_holo_light
kr.co.dnasoft.remontest.R$color: int wallet_bright_foreground_holo_dark
kr.co.dnasoft.remontest.R$color: int wallet_bright_foreground_holo_light
kr.co.dnasoft.remontest.R$color: int wallet_dim_foreground_disabled_holo_dark
kr.co.dnasoft.remontest.R$color: int wallet_dim_foreground_holo_dark
kr.co.dnasoft.remontest.R$color: int wallet_dim_foreground_inverse_disabled_holo_dark
kr.co.dnasoft.remontest.R$color: int wallet_dim_foreground_inverse_holo_dark
kr.co.dnasoft.remontest.R$color: int wallet_highlighted_text_holo_dark
kr.co.dnasoft.remontest.R$dimen: int activity_horizontal_margin
kr.co.dnasoft.remontest.R$dimen: int activity_vertical_margin
...
com.google.android.gms.internal.lg
com.google.android.gms.internal.lg: android.os.Parcelable$Creator CREATOR
com.google.android.gms.internal.li
com.google.android.gms.internal.li: android.os.Parcelable$Creator CREATOR
com.google.android.gms.internal.ls
com.google.android.gms.internal.ma
com.google.android.gms.internal.mc
com.google.android.gms.internal.mf
com.google.android.gms.internal.mh
com.google.android.gms.internal.mj
com.google.android.gms.internal.ml
com.google.android.gms.internal.mn
com.google.android.gms.internal.mp
com.google.android.gms.internal.mr
com.google.android.gms.internal.mr: android.os.Parcelable$Creator CREATOR
com.google.android.gms.internal.mt
com.google.android.gms.internal.mx
com.google.android.gms.internal.ni
com.google.android.gms.internal.nm
com.google.android.gms.internal.nu
com.google.android.gms.internal.nw
com.google.android.gms.internal.nz
com.google.android.gms.internal.nz$a
com.google.android.gms.internal.nz$b
com.google.android.gms.internal.nz$b$a
com.google.android.gms.internal.nz$b$b
com.google.android.gms.internal.nz$c
com.google.android.gms.internal.nz$d
com.google.android.gms.internal.nz$f
com.google.android.gms.internal.nz$g
com.google.android.gms.internal.nz$h
com.google.android.gms.internal.on
com.google.android.gms.internal.on: android.os.Parcelable$Creator CREATOR
com.google.android.gms.internal.op
com.google.android.gms.internal.op: android.os.Parcelable$Creator CREATOR
com.google.android.gms.internal.x
com.google.android.gms.location.ActivityRecognitionResult
com.google.android.gms.location.DetectedActivity
com.google.android.gms.location.LocationRequest
com.google.android.gms.location.c
com.google.android.gms.maps.GoogleMapOptions
com.google.android.gms.maps.MapView: com.google.android.gms.maps.GoogleMap getMap()
com.google.android.gms.maps.StreetViewPanoramaOptions
com.google.android.gms.maps.StreetViewPanoramaView: com.google.android.gms.maps.StreetViewPanorama getStreetViewPanorama()
com.google.android.gms.maps.model.CameraPosition
com.google.android.gms.maps.model.CircleOptions
com.google.android.gms.maps.model.GroundOverlayOptions
com.google.android.gms.maps.model.LatLng
com.google.android.gms.maps.model.LatLngBounds
com.google.android.gms.maps.model.MarkerOptions
com.google.android.gms.maps.model.PolygonOptions
com.google.android.gms.maps.model.PolylineOptions
com.google.android.gms.maps.model.StreetViewPanoramaCamera
com.google.android.gms.maps.model.StreetViewPanoramaLink
com.google.android.gms.maps.model.StreetViewPanoramaLocation
com.google.android.gms.maps.model.StreetViewPanoramaOrientation
com.google.android.gms.maps.model.Tile
com.google.android.gms.maps.model.TileOverlayOptions
com.google.android.gms.maps.model.VisibleRegion
com.google.android.gms.plus.PlusOneButton: void setOnPlusOneClickListener(com.google.android.gms.plus.PlusOneButton$OnPlusOneClickListener)
com.google.android.gms.plus.PlusOneButton: void setAnnotation(int)
com.google.android.gms.plus.PlusOneButton: void setSize(int)
com.google.android.gms.plus.internal.PlusCommonExtras
com.google.android.gms.plus.internal.h
com.google.android.gms.tagmanager.az$a: com.google.android.gms.tagmanager.az$a[] values()
com.google.android.gms.tagmanager.az$a: com.google.android.gms.tagmanager.az$a valueOf(java.lang.String)
com.google.android.gms.tagmanager.bg$a: com.google.android.gms.tagmanager.bg$a[] values()
com.google.android.gms.tagmanager.bg$a: com.google.android.gms.tagmanager.bg$a valueOf(java.lang.String)
com.google.android.gms.tagmanager.ce$a: com.google.android.gms.tagmanager.ce$a[] values()
com.google.android.gms.tagmanager.ce$a: com.google.android.gms.tagmanager.ce$a valueOf(java.lang.String)
com.google.android.gms.wallet.Address
com.google.android.gms.wallet.Address: android.os.Parcelable$Creator CREATOR
com.google.android.gms.wallet.Cart
com.google.android.gms.wallet.Cart: android.os.Parcelable$Creator CREATOR