RemonTest_Eclipse/RemonTest/proguard/mapping.txt
kr.co.dnasoft.remontest.AgreeSampleActivity -> kr.co.dnasoft.remontest.AgreeSampleActivity:
    java.lang.String TAG -> a
    kr.co.dnasoft.remonsdk.AdView adView -> b
    android.widget.LinearLayout laytout -> c
    boolean agreeFlag -> d
    void onCreate(android.os.Bundle) -> onCreate
    void initRemon() -> b
    void Agreement() -> c
    void onActivityResult(int,int,android.content.Intent) -> onActivityResult
    void onPause() -> onPause
    void onResume() -> onResume
    void onDestroy() -> onDestroy
    java.lang.String access$0() -> a
kr.co.dnasoft.remontest.AgreeSampleActivity$1 -> kr.co.dnasoft.remontest.a:
    kr.co.dnasoft.remontest.AgreeSampleActivity this$0 -> a
    void OnClickedAd() -> OnClickedAd
kr.co.dnasoft.remontest.AgreeSampleActivity$2 -> kr.co.dnasoft.remontest.b:
    kr.co.dnasoft.remontest.AgreeSampleActivity this$0 -> a
    void OnAdFailed(kr.co.dnasoft.remonsdk.common.AdConstant$ADErrorCode,java.lang.String) -> OnAdFailed
kr.co.dnasoft.remontest.AgreeSampleActivity$3 -> kr.co.dnasoft.remontest.c:
    kr.co.dnasoft.remontest.AgreeSampleActivity this$0 -> a
    void OnAdLoaded() -> OnAdLoaded
kr.co.dnasoft.remontest.AgreeSampleActivity$4 -> kr.co.dnasoft.remontest.d:
    kr.co.dnasoft.remontest.AgreeSampleActivity this$0 -> a
    void OnAdWillLoad() -> OnAdWillLoad
kr.co.dnasoft.remontest.AgreeSampleActivity$5 -> kr.co.dnasoft.remontest.e:
    kr.co.dnasoft.remontest.AgreeSampleActivity this$0 -> a
    void OnAdClosed() -> OnAdClosed
kr.co.dnasoft.remontest.JavaTypeInlineBanner -> kr.co.dnasoft.remontest.JavaTypeInlineBanner:
    java.lang.String TAG -> a
    kr.co.dnasoft.remonsdk.AdView adView -> b
    android.widget.LinearLayout laytout -> c
    void onCreate(android.os.Bundle) -> onCreate
    void initRemon() -> b
    void onPause() -> onPause
    void onResume() -> onResume
    void onDestroy() -> onDestroy
    java.lang.String access$0() -> a
kr.co.dnasoft.remontest.JavaTypeInlineBanner$1 -> kr.co.dnasoft.remontest.f:
    kr.co.dnasoft.remontest.JavaTypeInlineBanner this$0 -> a
    void OnClickedAd() -> OnClickedAd
kr.co.dnasoft.remontest.JavaTypeInlineBanner$2 -> kr.co.dnasoft.remontest.g:
    kr.co.dnasoft.remontest.JavaTypeInlineBanner this$0 -> a
    void OnAdFailed(kr.co.dnasoft.remonsdk.common.AdConstant$ADErrorCode,java.lang.String) -> OnAdFailed
kr.co.dnasoft.remontest.JavaTypeInlineBanner$3 -> kr.co.dnasoft.remontest.h:
    kr.co.dnasoft.remontest.JavaTypeInlineBanner this$0 -> a
    void OnAdLoaded() -> OnAdLoaded
kr.co.dnasoft.remontest.JavaTypeInlineBanner$4 -> kr.co.dnasoft.remontest.i:
    kr.co.dnasoft.remontest.JavaTypeInlineBanner this$0 -> a
    void OnAdWillLoad() -> OnAdWillLoad
kr.co.dnasoft.remontest.JavaTypeInlineBanner$5 -> kr.co.dnasoft.remontest.j:
    kr.co.dnasoft.remontest.JavaTypeInlineBanner this$0 -> a
    void OnAdClosed() -> OnAdClosed
kr.co.dnasoft.remontest.JavaTypeRectangleBanner -> kr.co.dnasoft.remontest.JavaTypeRectangleBanner:
    java.lang.String TAG -> a
    kr.co.dnasoft.remonsdk.AdView adView -> b
    android.widget.LinearLayout laytout -> c
    void onCreate(android.os.Bundle) -> onCreate
    void initRemon() -> b
    void onPause() -> onPause
    void onResume() -> onResume
    void onDestroy() -> onDestroy
    java.lang.String access$0() -> a
kr.co.dnasoft.remontest.JavaTypeRectangleBanner$1 -> kr.co.dnasoft.remontest.k:
    kr.co.dnasoft.remontest.JavaTypeRectangleBanner this$0 -> a
    void OnClickedAd() -> OnClickedAd
kr.co.dnasoft.remontest.JavaTypeRectangleBanner$2 -> kr.co.dnasoft.remontest.l:
    kr.co.dnasoft.remontest.JavaTypeRectangleBanner this$0 -> a
    void OnAdFailed(kr.co.dnasoft.remonsdk.common.AdConstant$ADErrorCode,java.lang.String) -> OnAdFailed
kr.co.dnasoft.remontest.JavaTypeRectangleBanner$3 -> kr.co.dnasoft.remontest.m:
    kr.co.dnasoft.remontest.JavaTypeRectangleBanner this$0 -> a
    void OnAdLoaded() -> OnAdLoaded
...
android.support.v4.app.FragmentState$1 -> android.support.v4.app.r:
    android.support.v4.app.FragmentState createFromParcel(android.os.Parcel) -> a
    android.support.v4.app.FragmentState[] newArray(int) -> a
    java.lang.Object[] newArray(int) -> newArray
    java.lang.Object createFromParcel(android.os.Parcel) -> createFromParcel
android.support.v4.app.FragmentTabHost -> android.support.v4.app.FragmentTabHost:
    java.util.ArrayList mTabs -> a
    android.content.Context mContext -> b
    android.support.v4.app.FragmentManager mFragmentManager -> c
    int mContainerId -> d
    android.widget.TabHost$OnTabChangeListener mOnTabChangeListener -> e
    android.support.v4.app.FragmentTabHost$TabInfo mLastTab -> f
    boolean mAttached -> g
    void setup() -> setup
    void setOnTabChangedListener(android.widget.TabHost$OnTabChangeListener) -> setOnTabChangedListener
    void onAttachedToWindow() -> onAttachedToWindow
    void onDetachedFromWindow() -> onDetachedFromWindow
    android.os.Parcelable onSaveInstanceState() -> onSaveInstanceState
    void onRestoreInstanceState(android.os.Parcelable) -> onRestoreInstanceState
    void onTabChanged(java.lang.String) -> onTabChanged
    android.support.v4.app.FragmentTransaction doTabChanged(java.lang.String,android.support.v4.app.FragmentTransaction) -> a
android.support.v4.app.FragmentTabHost$1 -> android.support.v4.app.s:
android.support.v4.app.FragmentTabHost$SavedState -> android.support.v4.app.FragmentTabHost$SavedState:
    java.lang.String curTab -> a
    android.os.Parcelable$Creator CREATOR -> CREATOR
    void writeToParcel(android.os.Parcel,int) -> writeToParcel
    java.lang.String toString() -> toString
android.support.v4.app.FragmentTabHost$SavedState$1 -> android.support.v4.app.t:
    android.support.v4.app.FragmentTabHost$SavedState createFromParcel(android.os.Parcel) -> a
    android.support.v4.app.FragmentTabHost$SavedState[] newArray(int) -> a
    java.lang.Object[] newArray(int) -> newArray
    java.lang.Object createFromParcel(android.os.Parcel) -> createFromParcel
android.support.v4.app.FragmentTabHost$TabInfo -> android.support.v4.app.u:
    java.lang.String tag -> a
    java.lang.Class clss -> b
    android.os.Bundle args -> c
    android.support.v4.app.Fragment fragment -> d
    android.support.v4.app.Fragment access$102(android.support.v4.app.FragmentTabHost$TabInfo,android.support.v4.app.Fragment) -> a
    android.support.v4.app.Fragment access$100(android.support.v4.app.FragmentTabHost$TabInfo) -> a
    java.lang.String access$200(android.support.v4.app.FragmentTabHost$TabInfo) -> b
    java.lang.Class access$300(android.support.v4.app.FragmentTabHost$TabInfo) -> c
    android.os.Bundle access$400(android.support.v4.app.FragmentTabHost$TabInfo) -> d
android.support.v4.app.FragmentTransaction -> android.support.v4.app.v:
    android.support.v4.app.FragmentTransaction add(int,android.support.v4.app.Fragment,java.lang.String) -> a
    android.support.v4.app.FragmentTransaction detach(android.support.v4.app.Fragment) -> a
    android.support.v4.app.FragmentTransaction attach(android.support.v4.app.Fragment) -> b
    int commit() -> a
android.support.v4.app.LoaderManager -> android.support.v4.app.w:
    boolean hasRunningLoaders() -> a
android.support.v4.app.LoaderManager$LoaderCallbacks -> android.support.v4.app.x:
    android.support.v4.content.Loader onCreateLoader(int,android.os.Bundle) -> a
    void onLoadFinished(android.support.v4.content.Loader,java.lang.Object) -> a
    void onLoaderReset(android.support.v4.content.Loader) -> a