RemonTest_Eclipse/RemonTest/proguard/usage.txt
kr.co.dnasoft.remontest.BuildConfig
kr.co.dnasoft.remontest.R
kr.co.dnasoft.remontest.R$attr
kr.co.dnasoft.remontest.R$color
kr.co.dnasoft.remontest.R$dimen
kr.co.dnasoft.remontest.R$drawable
kr.co.dnasoft.remontest.R$id
kr.co.dnasoft.remontest.R$integer
kr.co.dnasoft.remontest.R$layout
kr.co.dnasoft.remontest.R$string
kr.co.dnasoft.remontest.R$style
kr.co.dnasoft.remontest.R$styleable
...
com.google.android.gms.tagmanager.aa
com.google.android.gms.tagmanager.ab
com.google.android.gms.tagmanager.ac
com.google.android.gms.tagmanager.ad
com.google.android.gms.tagmanager.ae
com.google.android.gms.tagmanager.af
com.google.android.gms.tagmanager.ag
com.google.android.gms.tagmanager.ah
com.google.android.gms.tagmanager.ai
com.google.android.gms.tagmanager.aj
com.google.android.gms.tagmanager.ak
com.google.android.gms.tagmanager.al
com.google.android.gms.tagmanager.am
com.google.android.gms.tagmanager.an
com.google.android.gms.tagmanager.ao
com.google.android.gms.tagmanager.ap
com.google.android.gms.tagmanager.aq
com.google.android.gms.tagmanager.ar
com.google.android.gms.tagmanager.as
com.google.android.gms.tagmanager.as$1
com.google.android.gms.tagmanager.at
com.google.android.gms.tagmanager.au
com.google.android.gms.tagmanager.av
com.google.android.gms.tagmanager.aw
com.google.android.gms.tagmanager.ax
com.google.android.gms.tagmanager.ay
com.google.android.gms.tagmanager.az
com.google.android.gms.tagmanager.az$1
com.google.android.gms.tagmanager.az$a
com.google.android.gms.tagmanager.b
com.google.android.gms.tagmanager.ba
com.google.android.gms.tagmanager.bb
com.google.android.gms.tagmanager.bb$1
com.google.android.gms.tagmanager.bc
com.google.android.gms.tagmanager.bd
com.google.android.gms.tagmanager.be
com.google.android.gms.tagmanager.bf
com.google.android.gms.tagmanager.bg
com.google.android.gms.tagmanager.bg$a
com.google.android.gms.tagmanager.bh
com.google.android.gms.tagmanager.bi
com.google.android.gms.tagmanager.bj
com.google.android.gms.tagmanager.bk
com.google.android.gms.tagmanager.bl
com.google.android.gms.tagmanager.bm
com.google.android.gms.tagmanager.bn
com.google.android.gms.tagmanager.bo
com.google.android.gms.tagmanager.bp
com.google.android.gms.tagmanager.bq
com.google.android.gms.tagmanager.br
com.google.android.gms.tagmanager.bs
com.google.android.gms.tagmanager.bt
com.google.android.gms.tagmanager.bu
com.google.android.gms.tagmanager.bv
com.google.android.gms.tagmanager.bv$a
com.google.android.gms.tagmanager.bw
com.google.android.gms.tagmanager.bx
com.google.android.gms.tagmanager.by
com.google.android.gms.tagmanager.bz
com.google.android.gms.tagmanager.c
com.google.android.gms.tagmanager.ca
com.google.android.gms.tagmanager.cb
com.google.android.gms.tagmanager.cb$a
com.google.android.gms.tagmanager.cb$b
com.google.android.gms.tagmanager.cc
com.google.android.gms.tagmanager.cd
com.google.android.gms.tagmanager.ce
com.google.android.gms.tagmanager.ce$a
com.google.android.gms.tagmanager.cf
com.google.android.gms.tagmanager.cg
com.google.android.gms.tagmanager.ch
com.google.android.gms.tagmanager.ci
com.google.android.gms.tagmanager.cj
com.google.android.gms.tagmanager.ck
com.google.android.gms.tagmanager.cl
com.google.android.gms.tagmanager.cm
com.google.android.gms.tagmanager.cn
com.google.android.gms.tagmanager.co
com.google.android.gms.tagmanager.cp
com.google.android.gms.tagmanager.cp$1
com.google.android.gms.tagmanager.cp$2
com.google.android.gms.tagmanager.cp$a
com.google.android.gms.tagmanager.cp$b
com.google.android.gms.tagmanager.cq
com.google.android.gms.tagmanager.cq$1
com.google.android.gms.tagmanager.cq$2
com.google.android.gms.tagmanager.cr
com.google.android.gms.tagmanager.cr$1
com.google.android.gms.tagmanager.cr$a
com.google.android.gms.tagmanager.cr$b
com.google.android.gms.tagmanager.cr$c
com.google.android.gms.tagmanager.cr$d
com.google.android.gms.tagmanager.cr$e
com.google.android.gms.tagmanager.cr$f
com.google.android.gms.tagmanager.cr$g
com.google.android.gms.tagmanager.cs
com.google.android.gms.tagmanager.ct
com.google.android.gms.tagmanager.ct$1
com.google.android.gms.tagmanager.ct$2
com.google.android.gms.tagmanager.ct$3
com.google.android.gms.tagmanager.ct$4
com.google.android.gms.tagmanager.ct$a
com.google.android.gms.tagmanager.ct$b
com.google.android.gms.tagmanager.ct$c
com.google.android.gms.tagmanager.cu
com.google.android.gms.tagmanager.cv